<?xml version="1.0" encoding="UTF-8"?>
<testsuite xmlns:xsi="http://www.w3.org/2001/XMLSchema-instance" xsi:noNamespaceSchemaLocation="https://maven.apache.org/surefire/maven-surefire-plugin/xsd/surefire-test-report.xsd" name="com.blackdiamond.AppTest" time="0.021" tests="1" errors="0" skipped="0" failures="0">
  <properties>
    <property name="sun.desktop" value="windows"/>
    <property name="awt.toolkit" value="sun.awt.windows.WToolkit"/>
    <property name="file.encoding.pkg" value="sun.io"/>
    <property name="java.specification.version" value="16"/>
    <property name="jdk.extensions.version" value="16.0.1.0"/>
    <property name="sun.jnu.encoding" value="Cp1252"/>
    <property name="java.class.path" value="C:\Users\N\Desktop\blackDiamondStore-master\store\target\test-classes;C:\Users\N\Desktop\blackDiamondStore-master\store\target\classes;C:\Users\N\.m2\repository\junit\junit\4.11\junit-4.11.jar;C:\Users\N\.m2\repository\org\hamcrest\hamcrest-core\1.3\hamcrest-core-1.3.jar;"/>
    <property name="java.vm.vendor" value="Eclipse OpenJ9"/>
    <property name="com.ibm.vm.bitmode" value="64"/>
    <property name="sun.arch.data.model" value="64"/>
    <property name="user.variant" value=""/>
    <property name="com.ibm.oti.vm.library.version" value="29"/>
    <property name="java.vendor.url" value="https://adoptopenjdk.net/"/>
    <property name="user.timezone" value="America/Buenos_Aires"/>
    <property name="os.name" value="Windows 10"/>
    <property name="java.vm.specification.version" value="16"/>
    <property name="user.country" value="AR"/>
    <property name="sun.java.launcher" value="SUN_STANDARD"/>
    <property name="sun.boot.library.path" value="C:\Program Files\AdoptOpenJDK\jdk-16.0.1.9-openj9\bin\default;C:\Program Files\AdoptOpenJDK\jdk-16.0.1.9-openj9\bin"/>
    <property name="sun.java.command" value="C:\Users\N\AppData\Local\Temp\surefire10756580513167401050\surefirebooter2496679554443574389.jar C:\Users\N\AppData\Local\Temp\surefire10756580513167401050 2023-08-25T02-18-11_688-jvmRun1 surefire11036009937998404621tmp surefire_014215747494045266344tmp"/>
    <property name="surefire.test.class.path" value="C:\Users\N\Desktop\blackDiamondStore-master\store\target\test-classes;C:\Users\N\Desktop\blackDiamondStore-master\store\target\classes;C:\Users\N\.m2\repository\junit\junit\4.11\junit-4.11.jar;C:\Users\N\.m2\repository\org\hamcrest\hamcrest-core\1.3\hamcrest-core-1.3.jar;"/>
    <property name="sun.cpu.endian" value="little"/>
    <property name="user.home" value="C:\Users\N"/>
    <property name="user.language" value="es"/>
    <property name="java.specification.vendor" value="Oracle Corporation"/>
    <property name="java.version.date" value="2021-04-20"/>
    <property name="java.home" value="C:\Program Files\AdoptOpenJDK\jdk-16.0.1.9-openj9"/>
    <property name="ibm.signalhandling.rs" value="false"/>
    <property name="jdk.extensions.name" value="Extensions for OpenJDK for Eclipse OpenJ9"/>
    <property name="file.separator" value="\"/>
    <property name="basedir" value="C:\Users\N\Desktop\blackDiamondStore-master\store"/>
    <property name="line.separator" value="&#10;"/>
    <property name="java.vm.specification.vendor" value="Oracle Corporation"/>
    <property name="java.specification.name" value="Java Platform API Specification"/>
    <property name="java.compiler" value="j9jit29"/>
    <property name="com.ibm.util.extralibs.properties" value=""/>
    <property name="java.awt.graphicsenv" value="sun.awt.Win32GraphicsEnvironment"/>
    <property name="com.ibm.oti.configuration" value="scar"/>
    <property name="java.awt.fonts" value=""/>
    <property name="surefire.real.class.path" value="C:\Users\N\AppData\Local\Temp\surefire10756580513167401050\surefirebooter2496679554443574389.jar"/>
    <property name="com.ibm.oti.shared.enabled" value="false"/>
    <property name="jdk.boot.class.path.append" value=""/>
    <property name="com.ibm.oti.vm.bootstrap.library.path" value="C:\Program Files\AdoptOpenJDK\jdk-16.0.1.9-openj9\bin\default;C:\Program Files\AdoptOpenJDK\jdk-16.0.1.9-openj9\bin"/>
    <property name="com.ibm.cpu.endian" value="little"/>
    <property name="java.fullversion" value="16.0.1+9&#10;JRE 16 Windows 10 amd64-64-Bit Compressed References 20210421_24 (JIT enabled, AOT enabled)&#10;OpenJ9   - b4cc246d9&#10;OMR      - 162e6f729&#10;JCL      - cea22090ecf based on jdk-16.0.1+9"/>
    <property name="java.runtime.version" value="16.0.1+9"/>
    <property name="user.name" value="N"/>
    <property name="path.separator" value=";"/>
    <property name="os.version" value="10.0"/>
    <property name="java.runtime.name" value="OpenJDK Runtime Environment"/>
    <property name="ibm.signalhandling.sigint" value="true"/>
    <property name="file.encoding" value="Cp1252"/>
    <property name="java.vm.name" value="Eclipse OpenJ9 VM"/>
    <property name="java.vendor.version" value="AdoptOpenJDK-16.0.1+9"/>
    <property name="ibm.signalhandling.sigchain" value="true"/>
    <property name="localRepository" value="C:\Users\N\.m2\repository"/>
    <property name="java.vendor.url.bug" value="https://github.com/AdoptOpenJDK/openjdk-support/issues"/>
    <property name="java.io.tmpdir" value="C:\Users\N\AppData\Local\Temp\"/>
    <property name="java.version" value="16.0.1"/>
    <property name="com.ibm.system.agent.path" value="C:\Program Files\AdoptOpenJDK\jdk-16.0.1.9-openj9\bin"/>
    <property name="user.dir" value="C:\Users\N\Desktop\blackDiamondStore-master\store"/>
    <property name="os.arch" value="amd64"/>
    <property name="java.vm.specification.name" value="Java Virtual Machine Specification"/>
    <property name="java.awt.printerjob" value="sun.awt.windows.WPrinterJob"/>
    <property name="sun.nio.PageAlignDirectMemory" value="false"/>
    <property name="os.encoding" value="UTF8"/>
    <property name="java.library.path" value="C:\Program Files\AdoptOpenJDK\jdk-16.0.1.9-openj9\bin\default;C:\Program Files\AdoptOpenJDK\jdk-16.0.1.9-openj9\bin;C:\Windows\system32;C:\Windows;C:\Program Files\AdoptOpenJDK\jdk-16.0.1.9-openj9\bin;C:\Windows\system32;C:\Windows;C:\Windows\System32\Wbem;C:\Windows\System32\WindowsPowerShell\v1.0\;C:\Windows\System32\OpenSSH\;C:\ProgramData\chocolatey\bin;C:\Users\N\AppData\Local\Microsoft\WindowsApps;C:\mingw64\bin;C:\Program Files\Git\cmd;C:\Program Files\Go\bin;C:\Program Files\dotnet\;C:\apache-maven-3.9.4\bin;C:\Users\N\AppData\Local\Programs\Python\Python311\Scripts\;C:\Users\N\AppData\Local\Programs\Python\Python311\;C:\Program Files\Neovim\bin;C:\Users\N\AppData\Local\Programs\Microsoft VS Code\bin;C:\Users\N\go\bin;."/>
    <property name="sun.nio.MaxDirectMemorySize" value="3728162816"/>
    <property name="java.vm.info" value="JRE 16 Windows 10 amd64-64-Bit Compressed References 20210421_24 (JIT enabled, AOT enabled)&#10;OpenJ9   - b4cc246d9&#10;OMR      - 162e6f729&#10;JCL      - cea22090ecf based on jdk-16.0.1+9"/>
    <property name="java.vendor" value="AdoptOpenJDK"/>
    <property name="java.vm.version" value="openj9-0.26.0"/>
    <property name="ibm.system.encoding" value="Cp1252"/>
    <property name="com.ibm.jcl.checkClassPath" value=""/>
    <property name="sun.io.unicode.encoding" value="UnicodeLittle"/>
    <property name="java.class.version" value="60.0"/>
  </properties>
  <testcase name="shouldAnswerWithTrue" classname="com.blackdiamond.AppTest" time="0.001"/>
</testsuite>